#
# There is insufficient memory for the Java Runtime Environment to continue.
# Native memory allocation (malloc) failed to allocate 624976 bytes for Chunk::new
# Possible reasons:
#   The system is out of physical RAM or swap space
#   In 32 bit mode, the process size limit was hit
# Possible solutions:
#   Reduce memory load on the system
#   Increase physical memory or swap space
#   Check if swap backing store is full
#   Use 64 bit Java on a 64 bit OS
#   Decrease Java heap size (-Xmx/-Xms)
#   Decrease number of Java threads
#   Decrease Java thread stack sizes (-Xss)
#   Set larger code cache with -XX:ReservedCodeCacheSize=
# This output file may be truncated or incomplete.
#
#  Out of Memory Error (allocation.cpp:390), pid=2436, tid=0x0000000000001608
#
# JRE version: Java(TM) SE Runtime Environment (8.0_101-b13) (build 1.8.0_101-b13)
# Java VM: Java HotSpot(TM) 64-Bit Server VM (25.101-b13 mixed mode windows-amd64 compressed oops)
# Failed to write core dump. Minidumps are not enabled by default on client versions of Windows
#

---------------  T H R E A D  ---------------

Current thread (0x0000000018aa6800):  JavaThread "C2 CompilerThread1" daemon [_thread_in_native, id=5640, stack(0x00000000192f0000,0x00000000193f0000)]

Stack: [0x00000000192f0000,0x00000000193f0000]
[error occurred during error reporting (printing stack bounds), id 0xc0000005]

Native frames: (J=compiled Java code, j=interpreted, Vv=VM code, C=native code)


Current CompileTask:
C2:  11927 10785       4       java.lang.reflect.Method::toString (20 bytes)


---------------  P R O C E S S  ---------------

Java Threads: ( => current thread )
  0x000000001b294000 JavaThread "Keep-Alive-Timer" daemon [_thread_blocked, id=5924, stack(0x00000000223e0000,0x00000000224e0000)]
  0x000000001b941000 JavaThread "File lock request listener" [_thread_in_native, id=4388, stack(0x000000001ee30000,0x000000001ef30000)]
  0x000000001b922800 JavaThread "pool-1-thread-1" [_thread_blocked, id=7024, stack(0x000000001c940000,0x000000001ca40000)]
  0x0000000018aeb800 JavaThread "Service Thread" daemon [_thread_blocked, id=6812, stack(0x0000000018f00000,0x0000000019000000)]
  0x0000000018aa8000 JavaThread "C1 CompilerThread2" daemon [_thread_in_vm, id=4660, stack(0x0000000019490000,0x0000000019590000)]
=>0x0000000018aa6800 JavaThread "C2 CompilerThread1" daemon [_thread_in_native, id=5640, stack(0x00000000192f0000,0x00000000193f0000)]
  0x0000000018aa1000 JavaThread "C2 CompilerThread0" daemon [_thread_in_native, id=2196, stack(0x0000000019150000,0x0000000019250000)]
  0x0000000018a9e800 JavaThread "Attach Listener" daemon [_thread_blocked, id=6756, stack(0x0000000019030000,0x0000000019130000)]
  0x00000000177ef000 JavaThread "Signal Dispatcher" daemon [_thread_blocked, id=6872, stack(0x0000000018880000,0x0000000018980000)]
  0x00000000177c8800 JavaThread "Finalizer" daemon [_thread_blocked, id=6416, stack(0x0000000018990000,0x0000000018a90000)]
  0x0000000017781800 JavaThread "Reference Handler" daemon [_thread_blocked, id=4336, stack(0x00000000185e0000,0x00000000186e0000)]
  0x000000000244d800 JavaThread "main" [_thread_in_vm, id=5108, stack(0x00000000028a0000,0x00000000029a0000)]

Other Threads:
  0x000000001777a000 VMThread [stack: 0x0000000018720000,0x0000000018820000] [id=7112]
  0x0000000018b0c800 WatcherThread [stack: 0x0000000019720000,0x0000000019820000] [id=5480]

VM state:not at safepoint (normal execution)

VM Mutex/Monitor currently owned by a thread:  ([mutex/lock_event])
[0x000000000244c600] CompiledIC_lock - owner thread: 0x0000000000000000

Heap:
 PSYoungGen      total 257024K, used 28753K [0x00000000d5a00000, 0x00000000e6700000, 0x0000000100000000)
  eden space 243200K, 11% used [0x00000000d5a00000,0x00000000d7614438,0x00000000e4780000)
  from space 13824K, 0% used [0x00000000e4780000,0x00000000e4780000,0x00000000e5500000)
  to   space 13824K, 0% used [0x00000000e5500000,0x00000000e5500000,0x00000000e6280000)
 ParOldGen       total 64512K, used 55920K [0x0000000080e00000, 0x0000000084d00000, 0x00000000d5a00000)
  object space 64512K, 86% used [0x0000000080e00000,0x000000008449c138,0x0000000084d00000)
 Metaspace       used 71650K, capacity 73308K, committed 73560K, reserved 1114112K
  class space    used 9199K, capacity 9557K, committed 9600K, reserved 1048576K

Card table byte_map: [0x0000000011d60000,0x0000000012160000] byte_map_base: 0x0000000011959000

Marking Bits: (ParMarkBitMap*) 0x0000000053e3a6d0
 Begin Bits: [0x0000000012a60000, 0x0000000014a28000)
 End Bits:   [0x0000000014a28000, 0x00000000169f0000)

Polling page: 0x0000000000230000

CodeCache: size=245760Kb used=31752Kb max_used=32079Kb free=214007Kb
 bounds [0x00000000029a0000, 0x0000000004930000, 0x00000000119a0000]
 total_blobs=10122 nmethods=9328 adapters=704
 compilation: enabled

Compilation events (10 events):
Event: 11.915 Thread 0x0000000018aa8000 10797       3       com.google.common.collect.MapMakerInternalMap$Segment::getEntry (80 bytes)
Event: 11.916 Thread 0x0000000018aa8000 nmethod 10797 0x0000000002b63490 code [0x0000000002b63740, 0x0000000002b64d38]
Event: 11.916 Thread 0x0000000018aa8000 10798       3       com.google.protobuf.UnknownFieldSet::getDefaultInstance (4 bytes)
Event: 11.916 Thread 0x0000000018aa8000 nmethod 10798 0x0000000002ae8d10 code [0x0000000002ae8e60, 0x0000000002ae8f90]
Event: 11.920 Thread 0x0000000018aa8000 10799       3       com.google.protobuf.AbstractMessage::<init> (10 bytes)
Event: 11.921 Thread 0x0000000018aa8000 nmethod 10799 0x0000000002b48c50 code [0x0000000002b48dc0, 0x0000000002b48fd0]
Event: 11.921 Thread 0x0000000018aa8000 10800       3       com.google.protobuf.AbstractMessageLite::<init> (5 bytes)
Event: 11.921 Thread 0x0000000018aa8000 nmethod 10800 0x0000000002ce0b90 code [0x0000000002ce0ce0, 0x0000000002ce0e90]
Event: 11.922 Thread 0x0000000018aa8000 10801       3       com.google.protobuf.CodedOutputStream::computeRawVarint32Size (39 bytes)
Event: 11.923 Thread 0x0000000018aa8000 nmethod 10801 0x0000000002d68e10 code [0x0000000002d68f80, 0x0000000002d69210]

GC Heap History (10 events):
Event: 6.341 GC heap before
{Heap before GC invocations=11 (full 2):
 PSYoungGen      total 257024K, used 243200K [0x00000000d5a00000, 0x00000000e6700000, 0x0000000100000000)
  eden space 243200K, 100% used [0x00000000d5a00000,0x00000000e4780000,0x00000000e4780000)
  from space 13824K, 0% used [0x00000000e5500000,0x00000000e5500000,0x00000000e6280000)
  to   space 13824K, 0% used [0x00000000e4780000,0x00000000e4780000,0x00000000e5500000)
 ParOldGen       total 64512K, used 17659K [0x0000000080e00000, 0x0000000084d00000, 0x00000000d5a00000)
  object space 64512K, 27% used [0x0000000080e00000,0x0000000081f3ee70,0x0000000084d00000)
 Metaspace       used 45204K, capacity 46166K, committed 46296K, reserved 1089536K
  class space    used 6157K, capacity 6372K, committed 6400K, reserved 1048576K
Event: 6.356 GC heap after
Heap after GC invocations=11 (full 2):
 PSYoungGen      total 257024K, used 13806K [0x00000000d5a00000, 0x00000000e6700000, 0x0000000100000000)
  eden space 243200K, 0% used [0x00000000d5a00000,0x00000000d5a00000,0x00000000e4780000)
  from space 13824K, 99% used [0x00000000e4780000,0x00000000e54fb890,0x00000000e5500000)
  to   space 13824K, 0% used [0x00000000e5500000,0x00000000e5500000,0x00000000e6280000)
 ParOldGen       total 64512K, used 23098K [0x0000000080e00000, 0x0000000084d00000, 0x00000000d5a00000)
  object space 64512K, 35% used [0x0000000080e00000,0x000000008248eb68,0x0000000084d00000)
 Metaspace       used 45204K, capacity 46166K, committed 46296K, reserved 1089536K
  class space    used 6157K, capacity 6372K, committed 6400K, reserved 1048576K
}
Event: 8.763 GC heap before
{Heap before GC invocations=12 (full 2):
 PSYoungGen      total 257024K, used 257006K [0x00000000d5a00000, 0x00000000e6700000, 0x0000000100000000)
  eden space 243200K, 100% used [0x00000000d5a00000,0x00000000e4780000,0x00000000e4780000)
  from space 13824K, 99% used [0x00000000e4780000,0x00000000e54fb890,0x00000000e5500000)
  to   space 13824K, 0% used [0x00000000e5500000,0x00000000e5500000,0x00000000e6280000)
 ParOldGen       total 64512K, used 23098K [0x0000000080e00000, 0x0000000084d00000, 0x00000000d5a00000)
  object space 64512K, 35% used [0x0000000080e00000,0x000000008248eb68,0x0000000084d00000)
 Metaspace       used 55638K, capacity 57094K, committed 57432K, reserved 1099776K
  class space    used 7630K, capacity 7980K, committed 8064K, reserved 1048576K
Event: 8.785 GC heap after
Heap after GC invocations=12 (full 2):
 PSYoungGen      total 257024K, used 13811K [0x00000000d5a00000, 0x00000000e6700000, 0x0000000100000000)
  eden space 243200K, 0% used [0x00000000d5a00000,0x00000000d5a00000,0x00000000e4780000)
  from space 13824K, 99% used [0x00000000e5500000,0x00000000e627cd40,0x00000000e6280000)
  to   space 13824K, 0% used [0x00000000e4780000,0x00000000e4780000,0x00000000e5500000)
 ParOldGen       total 64512K, used 42618K [0x0000000080e00000, 0x0000000084d00000, 0x00000000d5a00000)
  object space 64512K, 66% used [0x0000000080e00000,0x000000008379e940,0x0000000084d00000)
 Metaspace       used 55638K, capacity 57094K, committed 57432K, reserved 1099776K
  class space    used 7630K, capacity 7980K, committed 8064K, reserved 1048576K
}
Event: 8.904 GC heap before
{Heap before GC invocations=13 (full 2):
 PSYoungGen      total 257024K, used 18820K [0x00000000d5a00000, 0x00000000e6700000, 0x0000000100000000)
  eden space 243200K, 2% used [0x00000000d5a00000,0x00000000d5ee44c8,0x00000000e4780000)
  from space 13824K, 99% used [0x00000000e5500000,0x00000000e627cd40,0x00000000e6280000)
  to   space 13824K, 0% used [0x00000000e4780000,0x00000000e4780000,0x00000000e5500000)
 ParOldGen       total 64512K, used 42618K [0x0000000080e00000, 0x0000000084d00000, 0x00000000d5a00000)
  object space 64512K, 66% used [0x0000000080e00000,0x000000008379e940,0x0000000084d00000)
 Metaspace       used 57322K, capacity 58822K, committed 58968K, reserved 1099776K
  class space    used 7877K, capacity 8236K, committed 8320K, reserved 1048576K
Event: 9.092 GC heap after
Heap after GC invocations=13 (full 2):
 PSYoungGen      total 257024K, used 507K [0x00000000d5a00000, 0x00000000e6700000, 0x0000000100000000)
  eden space 243200K, 0% used [0x00000000d5a00000,0x00000000d5a00000,0x00000000e4780000)
  from space 13824K, 3% used [0x00000000e4780000,0x00000000e47fec88,0x00000000e5500000)
  to   space 13824K, 0% used [0x00000000e5500000,0x00000000e5500000,0x00000000e6280000)
 ParOldGen       total 64512K, used 56515K [0x0000000080e00000, 0x0000000084d00000, 0x00000000d5a00000)
  object space 64512K, 87% used [0x0000000080e00000,0x0000000084530ee8,0x0000000084d00000)
 Metaspace       used 57322K, capacity 58822K, committed 58968K, reserved 1099776K
  class space    used 7877K, capacity 8236K, committed 8320K, reserved 1048576K
}
Event: 9.092 GC heap before
{Heap before GC invocations=14 (full 3):
 PSYoungGen      total 257024K, used 507K [0x00000000d5a00000, 0x00000000e6700000, 0x0000000100000000)
  eden space 243200K, 0% used [0x00000000d5a00000,0x00000000d5a00000,0x00000000e4780000)
  from space 13824K, 3% used [0x00000000e4780000,0x00000000e47fec88,0x00000000e5500000)
  to   space 13824K, 0% used [0x00000000e5500000,0x00000000e5500000,0x00000000e6280000)
 ParOldGen       total 64512K, used 56515K [0x0000000080e00000, 0x0000000084d00000, 0x00000000d5a00000)
  object space 64512K, 87% used [0x0000000080e00000,0x0000000084530ee8,0x0000000084d00000)
 Metaspace       used 57322K, capacity 58822K, committed 58968K, reserved 1099776K
  class space    used 7877K, capacity 8236K, committed 8320K, reserved 1048576K
Event: 9.275 GC heap after
Heap after GC invocations=14 (full 3):
 PSYoungGen      total 257024K, used 0K [0x00000000d5a00000, 0x00000000e6700000, 0x0000000100000000)
  eden space 243200K, 0% used [0x00000000d5a00000,0x00000000d5a00000,0x00000000e4780000)
  from space 13824K, 0% used [0x00000000e4780000,0x00000000e4780000,0x00000000e5500000)
  to   space 13824K, 0% used [0x00000000e5500000,0x00000000e5500000,0x00000000e6280000)
 ParOldGen       total 64512K, used 49252K [0x0000000080e00000, 0x0000000084d00000, 0x00000000d5a00000)
  object space 64512K, 76% used [0x0000000080e00000,0x0000000083e190c8,0x0000000084d00000)
 Metaspace       used 57320K, capacity 58816K, committed 58968K, reserved 1099776K
  class space    used 7877K, capacity 8235K, committed 8320K, reserved 1048576K
}
Event: 11.598 GC heap before
{Heap before GC invocations=15 (full 4):
 PSYoungGen      total 257024K, used 243200K [0x00000000d5a00000, 0x00000000e6700000, 0x0000000100000000)
  eden space 243200K, 100% used [0x00000000d5a00000,0x00000000e4780000,0x00000000e4780000)
  from space 13824K, 0% used [0x00000000e4780000,0x00000000e4780000,0x00000000e5500000)
  to   space 13824K, 0% used [0x00000000e5500000,0x00000000e5500000,0x00000000e6280000)
 ParOldGen       total 64512K, used 49252K [0x0000000080e00000, 0x0000000084d00000, 0x00000000d5a00000)
  object space 64512K, 76% used [0x0000000080e00000,0x0000000083e190c8,0x0000000084d00000)
 Metaspace       used 69189K, capacity 70844K, committed 71000K, reserved 1112064K
  class space    used 8894K, capacity 9269K, committed 9344K, reserved 1048576K
Event: 11.715 GC heap after
Heap after GC invocations=15 (full 4):
 PSYoungGen      total 257024K, used 0K [0x00000000d5a00000, 0x00000000e6700000, 0x0000000100000000)
  eden space 243200K, 0% used [0x00000000d5a00000,0x00000000d5a00000,0x00000000e4780000)
  from space 13824K, 0% used [0x00000000e4780000,0x00000000e4780000,0x00000000e5500000)
  to   space 13824K, 0% used [0x00000000e5500000,0x00000000e5500000,0x00000000e6280000)
 ParOldGen       total 64512K, used 55920K [0x0000000080e00000, 0x0000000084d00000, 0x00000000d5a00000)
  object space 64512K, 86% used [0x0000000080e00000,0x000000008449c138,0x0000000084d00000)
 Metaspace       used 69189K, capacity 70844K, committed 71000K, reserved 1112064K
  class space    used 8894K, capacity 9269K, committed 9344K, reserved 1048576K
}

Deoptimization events (10 events):
Event: 11.755 Thread 0x000000000244d800 Uncommon trap: reason=speculate_class_check action=maybe_recompile pc=0x00000000048d9fac method=java.nio.charset.CharsetDecoder.decode(Ljava/nio/ByteBuffer;Ljava/nio/CharBuffer;Z)Ljava/nio/charset/CoderResult; @ 57
Event: 11.755 Thread 0x000000000244d800 Uncommon trap: reason=unstable_if action=reinterpret pc=0x000000000490fe10 method=org.codehaus.plexus.util.xml.pull.MXParser.parseStartTag()I @ 443
Event: 11.779 Thread 0x000000000244d800 Uncommon trap: reason=class_check action=maybe_recompile pc=0x00000000035496b4 method=java.lang.reflect.Executable.printModifiersIfNonzero(Ljava/lang/StringBuilder;IZ)V @ 1
Event: 11.784 Thread 0x000000000244d800 Uncommon trap: reason=class_check action=maybe_recompile pc=0x00000000035496b4 method=java.lang.reflect.Executable.printModifiersIfNonzero(Ljava/lang/StringBuilder;IZ)V @ 1
Event: 11.786 Thread 0x000000000244d800 Uncommon trap: reason=class_check action=maybe_recompile pc=0x00000000035496b4 method=java.lang.reflect.Executable.printModifiersIfNonzero(Ljava/lang/StringBuilder;IZ)V @ 1
Event: 11.788 Thread 0x000000000244d800 Uncommon trap: reason=class_check action=maybe_recompile pc=0x00000000035496b4 method=java.lang.reflect.Executable.printModifiersIfNonzero(Ljava/lang/StringBuilder;IZ)V @ 1
Event: 11.837 Thread 0x000000000244d800 Uncommon trap: reason=class_check action=maybe_recompile pc=0x00000000044efd4c method=java.io.BufferedOutputStream.write([BII)V @ 20
Event: 11.837 Thread 0x000000000244d800 Uncommon trap: reason=class_check action=maybe_recompile pc=0x00000000044efd4c method=java.io.BufferedOutputStream.write([BII)V @ 20
Event: 11.837 Thread 0x000000000244d800 Uncommon trap: reason=class_check action=maybe_recompile pc=0x00000000044efd4c method=java.io.BufferedOutputStream.write([BII)V @ 20
Event: 11.838 Thread 0x000000000244d800 Uncommon trap: reason=class_check action=maybe_recompile pc=0x00000000044efd4c method=java.io.BufferedOutputStream.write([BII)V @ 20

Internal exceptions (10 events):
Event: 10.779 Thread 0x000000000244d800 Exception <a 'java/lang/ArrayIndexOutOfBoundsException'> (0x00000000df7d2f38) thrown at [C:\re\workspace\8-2-build-windows-amd64-cygwin\jdk8u101\7261\hotspot\src\share\vm\runtime\sharedRuntime.cpp, line 605]
Event: 10.790 Thread 0x000000000244d800 Exception <a 'java/lang/ArrayIndexOutOfBoundsException'> (0x00000000df8468d8) thrown at [C:\re\workspace\8-2-build-windows-amd64-cygwin\jdk8u101\7261\hotspot\src\share\vm\runtime\sharedRuntime.cpp, line 605]
Event: 10.790 Thread 0x000000000244d800 Exception <a 'java/lang/ArrayIndexOutOfBoundsException'> (0x00000000df8508b8) thrown at [C:\re\workspace\8-2-build-windows-amd64-cygwin\jdk8u101\7261\hotspot\src\share\vm\runtime\sharedRuntime.cpp, line 605]
Event: 10.791 Thread 0x000000000244d800 Exception <a 'java/lang/ArrayIndexOutOfBoundsException'> (0x00000000df858528) thrown at [C:\re\workspace\8-2-build-windows-amd64-cygwin\jdk8u101\7261\hotspot\src\share\vm\runtime\sharedRuntime.cpp, line 605]
Event: 10.791 Thread 0x000000000244d800 Exception <a 'java/lang/ArrayIndexOutOfBoundsException'> (0x00000000df8613a0) thrown at [C:\re\workspace\8-2-build-windows-amd64-cygwin\jdk8u101\7261\hotspot\src\share\vm\runtime\sharedRuntime.cpp, line 605]
Event: 10.802 Thread 0x000000000244d800 Exception <a 'java/lang/ArrayIndexOutOfBoundsException'> (0x00000000df976df0) thrown at [C:\re\workspace\8-2-build-windows-amd64-cygwin\jdk8u101\7261\hotspot\src\share\vm\runtime\sharedRuntime.cpp, line 605]
Event: 10.802 Thread 0x000000000244d800 Exception <a 'java/lang/ArrayIndexOutOfBoundsException'> (0x00000000df985f90) thrown at [C:\re\workspace\8-2-build-windows-amd64-cygwin\jdk8u101\7261\hotspot\src\share\vm\runtime\sharedRuntime.cpp, line 605]
Event: 10.803 Thread 0x000000000244d800 Exception <a 'java/lang/ArrayIndexOutOfBoundsException'> (0x00000000df988648) thrown at [C:\re\workspace\8-2-build-windows-amd64-cygwin\jdk8u101\7261\hotspot\src\share\vm\runtime\sharedRuntime.cpp, line 605]
Event: 11.776 Thread 0x000000000244d800 Exception <a 'java/lang/NoClassDefFoundError': org/objectweb/asm/commons/EmptyVisitor> (0x00000000d64b07c0) thrown at [C:\re\workspace\8-2-build-windows-amd64-cygwin\jdk8u101\7261\hotspot\src\share\vm\classfile\systemDictionary.cpp, line 199]
Event: 11.776 Thread 0x000000000244d800 Exception <a 'java/lang/NoClassDefFoundError'> (0x00000000d64b07c0) thrown at [C:\re\workspace\8-2-build-windows-amd64-cygwin\jdk8u101\7261\hotspot\src\share\vm\prims\jvm.cpp, line 1390]

Events (10 events):
Event: 11.922 loading class com/google/protobuf/WireFormat
Event: 11.922 loading class com/google/protobuf/WireFormat done
Event: 11.923 Thread 0x0000000018aa8000 flushing nmethod 0x00000000034e3310
Event: 11.923 loading class com/google/protobuf/ByteString$CodedBuilder
Event: 11.923 loading class com/google/protobuf/ByteString$CodedBuilder done
Event: 11.923 Thread 0x0000000018aa8000 flushing nmethod 0x000000000350eb10
Event: 11.923 Thread 0x0000000018aa8000 flushing nmethod 0x0000000003515e10
Event: 11.923 Thread 0x0000000018aa8000 flushing nmethod 0x000000000352f790
Event: 11.923 Thread 0x0000000018aa8000 flushing nmethod 0x00000000035351d0
Event: 11.923 Thread 0x0000000018aa8000 flushing nmethod 0x0000000003537190


Dynamic libraries:
0x000000013fac0000 - 0x000000013faf7000 	C:\ProgramData\Oracle\Java\javapath\java.exe
0x0000000076f20000 - 0x00000000770c9000 	C:\Windows\SYSTEM32\ntdll.dll
0x0000000076e00000 - 0x0000000076f1f000 	C:\Windows\system32\kernel32.dll
0x000007fefcd40000 - 0x000007fefcdab000 	C:\Windows\system32\KERNELBASE.dll
0x000007fefd1a0000 - 0x000007fefd27b000 	C:\Windows\system32\ADVAPI32.dll
0x000007fefd100000 - 0x000007fefd19f000 	C:\Windows\system32\msvcrt.dll
0x000007fefda90000 - 0x000007fefdaaf000 	C:\Windows\SYSTEM32\sechost.dll
0x000007fefd960000 - 0x000007fefda8d000 	C:\Windows\system32\RPCRT4.dll
0x0000000076d00000 - 0x0000000076dfa000 	C:\Windows\system32\USER32.dll
0x000007fefd090000 - 0x000007fefd0f7000 	C:\Windows\system32\GDI32.dll
0x000007fefd950000 - 0x000007fefd95e000 	C:\Windows\system32\LPK.dll
0x000007fefe8e0000 - 0x000007fefe9a9000 	C:\Windows\system32\USP10.dll
0x000007fefb6b0000 - 0x000007fefb8a4000 	C:\Windows\WinSxS\amd64_microsoft.windows.common-controls_6595b64144ccf1df_6.0.7601.17514_none_fa396087175ac9ac\COMCTL32.dll
0x000007fefd2c0000 - 0x000007fefd331000 	C:\Windows\system32\SHLWAPI.dll
0x000007fefd280000 - 0x000007fefd2ae000 	C:\Windows\system32\IMM32.DLL
0x000007fefd840000 - 0x000007fefd949000 	C:\Windows\system32\MSCTF.dll
0x0000000054170000 - 0x0000000054242000 	C:\Program Files\Java\jre1.8.0_101\bin\msvcr100.dll
0x0000000053620000 - 0x0000000053eba000 	C:\Program Files\Java\jre1.8.0_101\bin\server\jvm.dll
0x000007fefa860000 - 0x000007fefa869000 	C:\Windows\system32\WSOCK32.dll
0x000007fefeec0000 - 0x000007fefef0d000 	C:\Windows\system32\WS2_32.dll
0x000007fefd2b0000 - 0x000007fefd2b8000 	C:\Windows\system32\NSI.dll
0x000007fef98a0000 - 0x000007fef98db000 	C:\Windows\system32\WINMM.dll
0x000007fefbda0000 - 0x000007fefbdac000 	C:\Windows\system32\VERSION.dll
0x00000000770e0000 - 0x00000000770e7000 	C:\Windows\system32\PSAPI.DLL
0x0000000063160000 - 0x000000006316f000 	C:\Program Files\Java\jre1.8.0_101\bin\verify.dll
0x0000000054c20000 - 0x0000000054c49000 	C:\Program Files\Java\jre1.8.0_101\bin\java.dll
0x00000000548e0000 - 0x00000000548f6000 	C:\Program Files\Java\jre1.8.0_101\bin\zip.dll
0x000007fefdb50000 - 0x000007fefe8d8000 	C:\Windows\system32\SHELL32.dll
0x000007fefe9b0000 - 0x000007fefebb3000 	C:\Windows\system32\ole32.dll
0x000007fefcce0000 - 0x000007fefccef000 	C:\Windows\system32\profapi.dll
0x0000000054670000 - 0x000000005468a000 	C:\Program Files\Java\jre1.8.0_101\bin\net.dll
0x000007fefc470000 - 0x000007fefc4c5000 	C:\Windows\system32\mswsock.dll
0x000007fefc460000 - 0x000007fefc467000 	C:\Windows\System32\wship6.dll
0x0000000054650000 - 0x0000000054661000 	C:\Program Files\Java\jre1.8.0_101\bin\nio.dll
0x000007feefc70000 - 0x000007feefc82000 	C:\Users\Administrator\.gradle\native\19\windows-amd64\native-platform.dll
0x0000000180000000 - 0x0000000180037000 	C:\Users\Administrator\.gradle\native\jna\win32-amd64\jnidispatch.dll
0x000007fefc4d0000 - 0x000007fefc4e7000 	C:\Windows\system32\CRYPTSP.dll
0x000007fefc1d0000 - 0x000007fefc217000 	C:\Windows\system32\rsaenh.dll
0x000007fefd010000 - 0x000007fefd02e000 	C:\Windows\system32\USERENV.dll
0x000007fefcb70000 - 0x000007fefcb7f000 	C:\Windows\system32\CRYPTBASE.dll
0x000007fefaa70000 - 0x000007fefaa97000 	C:\Windows\system32\IPHLPAPI.DLL
0x000007fefaa60000 - 0x000007fefaa6b000 	C:\Windows\system32\WINNSI.DLL
0x000007fefa870000 - 0x000007fefa881000 	C:\Windows\system32\dhcpcsvc6.DLL
0x000007fefa840000 - 0x000007fefa858000 	C:\Windows\system32\dhcpcsvc.DLL
0x0000000054640000 - 0x000000005464d000 	C:\Program Files\Java\jre1.8.0_101\bin\management.dll
0x000007fefcad0000 - 0x000007fefcb27000 	C:\Windows\system32\apphelp.dll
0x0000000054610000 - 0x0000000054634000 	C:\Program Files\Java\jre1.8.0_101\bin\sunec.dll
0x0000000054160000 - 0x000000005416b000 	C:\Program Files\Java\jre1.8.0_101\bin\sunmscapi.dll
0x000007fefcea0000 - 0x000007fefd007000 	C:\Windows\system32\CRYPT32.dll
0x000007fefccd0000 - 0x000007fefccdf000 	C:\Windows\system32\MSASN1.dll
0x000007fefabf0000 - 0x000007fefac05000 	C:\Windows\system32\NLAapi.dll
0x000007fef1390000 - 0x000007fef13a5000 	C:\Windows\system32\napinsp.dll
0x000007fef13b0000 - 0x000007fef13c9000 	C:\Windows\system32\pnrpnsp.dll
0x000007fefc2f0000 - 0x000007fefc34b000 	C:\Windows\system32\DNSAPI.dll
0x000007fef1330000 - 0x000007fef133b000 	C:\Windows\System32\winrnr.dll
0x000007fefbe70000 - 0x000007fefbe77000 	C:\Windows\System32\wshtcpip.dll
0x000007fef8f00000 - 0x000007fef8f08000 	C:\Windows\system32\rasadhlp.dll
0x000007fefa8f0000 - 0x000007fefa943000 	C:\Windows\System32\fwpuclnt.dll

VM Arguments:
jvm_args: -Dorg.gradle.appname=gradlew 
java_command: org.gradle.wrapper.GradleWrapperMain install
java_class_path (initial): E:\Android\work\android\android-base\\gradle\wrapper\gradle-wrapper.jar
Launcher Type: SUN_STANDARD

Environment Variables:
CLASSPATH=E:\Android\work\android\android-base\\gradle\wrapper\gradle-wrapper.jar
PATH=C:\ProgramData\Oracle\Java\javapath;C:\Windows\system32;C:\Windows;C:\Windows\System32\Wbem;C:\Windows\System32\WindowsPowerShell\v1.0\;E:\Android\sdk\tools;E:\Android\sdk\platform-tools;C:\Program Files\Java\jdk1.8.0_101\bin
USERNAME=Administrator
OS=Windows_NT
PROCESSOR_IDENTIFIER=Intel64 Family 6 Model 60 Stepping 3, GenuineIntel



---------------  S Y S T E M  ---------------

OS: Windows 7 , 64 bit Build 7601 (6.1.7601.18015)

CPU:total 4 (4 cores per cpu, 1 threads per core) family 6 model 60 stepping 3, cmov, cx8, fxsr, mmx, sse, sse2, sse3, ssse3, sse4.1, sse4.2, popcnt, avx, avx2, aes, clmul, erms, lzcnt, tsc, tscinvbit, bmi1, bmi2

Memory: 4k page, physical 8324076k(54588k free), swap 12516516k(5528k free)

vm_info: Java HotSpot(TM) 64-Bit Server VM (25.101-b13) for windows-amd64 JRE (1.8.0_101-b13), built on Jun 22 2016 01:21:29 by "java_re" with MS VC++ 10.0 (VS2010)

time: Tue Oct 18 15:58:52 2016
elapsed time: 11 seconds (0d 0h 0m 11s)

